<?xml version="1.0" encoding="UTF-8"?>
<testng-results skipped="0" failed="0" ignored="0" total="1" passed="1">
  <reporter-output>
  </reporter-output>
  <suite name="Default suite" duration-ms="3971" started-at="2019-02-01T14:40:53Z" finished-at="2019-02-01T14:40:57Z">
    <groups>
    </groups>
    <test name="Default test" duration-ms="3971" started-at="2019-02-01T14:40:53Z" finished-at="2019-02-01T14:40:57Z">
      <class name="test.api.automation.TC_002_BDDOptions">
        <test-method status="PASS" signature="tc_001_getMethod_validation()[pri:0, instance:test.api.automation.TC_002_BDDOptions@523884b2]" name="tc_001_getMethod_validation" duration-ms="3908" started-at="2019-02-01T14:40:53Z" finished-at="2019-02-01T14:40:57Z">
          <reporter-output>
          </reporter-output>
        </test-method> <!-- tc_001_getMethod_validation -->
      </class> <!-- test.api.automation.TC_002_BDDOptions -->
    </test> <!-- Default test -->
  </suite> <!-- Default suite -->
</testng-results>
